<?xml version="1.0" encoding="UTF-8"?>
<testsuite name="com.harish.controller.BikeControllerTests" tests="2" skipped="0" failures="0" errors="0" timestamp="2022-11-08T11:50:06" hostname="Harishs-MacBook-Air.local" time="0.049">
  <properties/>
  <testcase name="getBike_NotFount_Returns404" classname="com.harish.controller.BikeControllerTests" time="0.019"/>
  <testcase name="getBike_WithName_ReturnsBike" classname="com.harish.controller.BikeControllerTests" time="0.03"/>
  <system-out><![CDATA[
  .   ____          _            __ _ _
 /\\ / ___'_ __ _ _(_)_ __  __ _ \ \ \ \
( ( )\___ | '_ | '_| | '_ \/ _` | \ \ \ \
 \\/  ___)| |_)| | | | | || (_| |  ) ) ) )
  '  |____| .__|_| |_|_| |_\__, | / / / /
 =========|_|==============|___/=/_/_/_/
 :: Spring Boot ::                (v2.7.5)

2022-11-08 17:20:05.995  INFO 75100 --- [    Test worker] c.harish.controller.BikeControllerTests  : Starting BikeControllerTests using Java 17 on Harishs-MacBook-Air.local with PID 75100 (started by harishamala in /Users/harishamala/Documents/Harish-Personal/Java/tdd-spring-boot)
2022-11-08 17:20:05.995  INFO 75100 --- [    Test worker] c.harish.controller.BikeControllerTests  : No active profile set, falling back to 1 default profile: "default"
2022-11-08 17:20:06.154  INFO 75100 --- [    Test worker] o.s.b.t.m.w.SpringBootMockServletContext : Initializing Spring TestDispatcherServlet ''
2022-11-08 17:20:06.154  INFO 75100 --- [    Test worker] o.s.t.web.servlet.TestDispatcherServlet  : Initializing Servlet ''
2022-11-08 17:20:06.155  INFO 75100 --- [    Test worker] o.s.t.web.servlet.TestDispatcherServlet  : Completed initialization in 1 ms
2022-11-08 17:20:06.166  INFO 75100 --- [    Test worker] c.harish.controller.BikeControllerTests  : Started BikeControllerTests in 0.182 seconds (JVM running for 4.079)
]]></system-out>
  <system-err><![CDATA[]]></system-err>
</testsuite>
